Build started 11/20/2015 1:08:44 PM.
     1>Project "C:\Users\Sonya\documents\visual studio 2013\Projects\NekoEngine\NekoEngine\NekoEngine.vcxproj" on node 2 (Build target(s)).
     1>ClCompile:
         E:\VS2013\VC\bin\CL.exe /c /IC:\SDL\include /I"C:\Boost\include\boost-1_59" /IC:\Python27x86\include /ZI /nologo /W3 /WX- /sdl /Od /Oy- /D _MBCS /D _MBCS /Gm /EHsc /RTC1 /MDd /GS /fp:precise /Zc:wchar_t /Zc:forScope /Fo"Debug\\" /Fd"Debug\vc120.pdb" /Gd /TP /analyze- /errorReport:prompt NekoInstance.cpp
         NekoInstance.cpp
     1>c:\users\sonya\documents\visual studio 2013\projects\nekoengine\nekoengine\nekoinstance.cpp(22): error C2039: 'start' : is not a member of 'NekoEngine::NekoInstance'
                 c:\users\sonya\documents\visual studio 2013\projects\nekoengine\nekoengine\nekoinstance.h(10) : see declaration of 'NekoEngine::NekoInstance'
     1>c:\users\sonya\documents\visual studio 2013\projects\nekoengine\nekoengine\nekoinstance.cpp(23): error C2065: 'current_scene' : undeclared identifier
     1>c:\users\sonya\documents\visual studio 2013\projects\nekoengine\nekoengine\nekoinstance.cpp(26): error C2065: 'running' : undeclared identifier
     1>c:\users\sonya\documents\visual studio 2013\projects\nekoengine\nekoengine\nekoinstance.cpp(27): error C2065: 'running' : undeclared identifier
     1>c:\users\sonya\documents\visual studio 2013\projects\nekoengine\nekoengine\nekoinstance.cpp(28): error C3861: 'update': identifier not found
     1>c:\users\sonya\documents\visual studio 2013\projects\nekoengine\nekoengine\nekoinstance.cpp(29): error C3861: 'render': identifier not found
     1>c:\users\sonya\documents\visual studio 2013\projects\nekoengine\nekoengine\nekoinstance.cpp(32): error C2511: 'void NekoEngine::NekoInstance::update(void)' : overloaded member function not found in 'NekoEngine::NekoInstance'
                 c:\users\sonya\documents\visual studio 2013\projects\nekoengine\nekoengine\nekoinstance.h(10) : see declaration of 'NekoEngine::NekoInstance'
     1>c:\users\sonya\documents\visual studio 2013\projects\nekoengine\nekoengine\nekoinstance.cpp(33): error C2227: left of '->update' must point to class/struct/union/generic type
     1>c:\users\sonya\documents\visual studio 2013\projects\nekoengine\nekoengine\nekoinstance.cpp(35): error C2511: 'void NekoEngine::NekoInstance::render(void)' : overloaded member function not found in 'NekoEngine::NekoInstance'
                 c:\users\sonya\documents\visual studio 2013\projects\nekoengine\nekoengine\nekoinstance.h(10) : see declaration of 'NekoEngine::NekoInstance'
     1>c:\users\sonya\documents\visual studio 2013\projects\nekoengine\nekoengine\nekoinstance.cpp(37): error C2039: 'stop' : is not a member of 'NekoEngine::NekoInstance'
                 c:\users\sonya\documents\visual studio 2013\projects\nekoengine\nekoengine\nekoinstance.h(10) : see declaration of 'NekoEngine::NekoInstance'
     1>Done Building Project "C:\Users\Sonya\documents\visual studio 2013\Projects\NekoEngine\NekoEngine\NekoEngine.vcxproj" (Build target(s)) -- FAILED.

Build FAILED.

Time Elapsed 00:00:00.27
